<?xml version="1.0" encoding="UTF-8"?>
<!-- Generated by org.testng.reporters.JUnitReportReporter -->
<testsuite skipped="0" hostname="BBMDVMIMUD.local" name="VahakHybrid.IMDBautomationWeb.qa.TestSuite.LastMoviePageTest" tests="1" failures="0" timestamp="18 Apr 2021 17:21:32 GMT" time="89.271" errors="0">
  <testcase name="testTitleLastMoviePage" time="89.271" classname="VahakHybrid.IMDBautomationWeb.qa.TestSuite.LastMoviePageTest"/>
</testsuite> <!-- VahakHybrid.IMDBautomationWeb.qa.TestSuite.LastMoviePageTest -->
