<?xml version="1.0" encoding="UTF-8"?>
<!-- Generated by org.testng.reporters.JUnitReportReporter -->
<testsuite skipped="0" hostname="BBMDVMIMUD.local" name="VahakHybrid.IMDBautomationWeb.qa.TestSuite.LastMovieReleaseDetailPageTest" tests="2" failures="0" timestamp="18 Apr 2021 17:21:32 GMT" time="135.040" errors="0">
  <testcase name="testTitleLastMovieReleaseDetailPage" time="49.425" classname="VahakHybrid.IMDBautomationWeb.qa.TestSuite.LastMovieReleaseDetailPageTest"/>
  <testcase name="getallReleaseDetails" time="85.615" classname="VahakHybrid.IMDBautomationWeb.qa.TestSuite.LastMovieReleaseDetailPageTest"/>
</testsuite> <!-- VahakHybrid.IMDBautomationWeb.qa.TestSuite.LastMovieReleaseDetailPageTest -->
