<?xml version="1.0" encoding="UTF-8"?>
<!-- Generated by org.testng.reporters.JUnitReportReporter -->
<testsuite skipped="0" hostname="BBMDVMIMUD.local" name="VahakHybrid.IMDBautomationWeb.qa.TestSuite.MovieSortingPageTest" tests="1" failures="0" timestamp="18 Apr 2021 17:21:32 GMT" time="91.419" errors="0">
  <testcase name="testlastMovieNameAfterSorting" time="91.419" classname="VahakHybrid.IMDBautomationWeb.qa.TestSuite.MovieSortingPageTest"/>
</testsuite> <!-- VahakHybrid.IMDBautomationWeb.qa.TestSuite.MovieSortingPageTest -->
