<?xml version="1.0" encoding="UTF-8"?>
<!-- Generated by org.testng.reporters.JUnitReportReporter -->
<testsuite skipped="1" hostname="BBMDVMIMUD.local" name="VahakHybrid.IMDBautomationWeb.qa.TestSuite.LoginPageTest" tests="4" failures="0" timestamp="18 Apr 2021 17:21:32 GMT" time="131.203" errors="0">
  <testcase name="testLoginWrongPass" time="29.519" classname="VahakHybrid.IMDBautomationWeb.qa.TestSuite.LoginPageTest">
    <skipped/>
  </testcase> <!-- testLoginWrongPass -->
  <testcase name="testValidLogin" time="32.039" classname="VahakHybrid.IMDBautomationWeb.qa.TestSuite.LoginPageTest"/>
  <testcase name="testLoginWrongPass" time="48.813" classname="VahakHybrid.IMDBautomationWeb.qa.TestSuite.LoginPageTest"/>
  <testcase name="testLoginWrongUN" time="20.832" classname="VahakHybrid.IMDBautomationWeb.qa.TestSuite.LoginPageTest"/>
</testsuite> <!-- VahakHybrid.IMDBautomationWeb.qa.TestSuite.LoginPageTest -->
