<?xml version="1.0" encoding="UTF-8"?>
<!-- Generated by org.testng.reporters.JUnitReportReporter -->
<testsuite skipped="1" hostname="BBMDVMIMUD.local" name="VahakHybrid.IMDBautomationWeb.qa.TestSuite.TopRatedMoviesPageTest" tests="3" failures="0" timestamp="18 Apr 2021 17:21:32 GMT" time="170.718" errors="0">
  <testcase name="testTopRatedMoviesLink_Exist" time="52.633" classname="VahakHybrid.IMDBautomationWeb.qa.TestSuite.TopRatedMoviesPageTest">
    <skipped/>
  </testcase> <!-- testTopRatedMoviesLink_Exist -->
  <testcase name="testTopRatedMoviesLink_Exist" time="47.887" classname="VahakHybrid.IMDBautomationWeb.qa.TestSuite.TopRatedMoviesPageTest"/>
  <testcase name="testTopRatedMoviesPage_Exist" time="70.198" classname="VahakHybrid.IMDBautomationWeb.qa.TestSuite.TopRatedMoviesPageTest"/>
</testsuite> <!-- VahakHybrid.IMDBautomationWeb.qa.TestSuite.TopRatedMoviesPageTest -->
