<?xml version="1.0" encoding="UTF-8"?>
<!-- Generated by org.testng.reporters.JUnitReportReporter -->
<testsuite skipped="0" hostname="BBMDVMIMUD.local" name="VahakHybrid.IMDBautomationWeb.qa.TestSuite.MovieDetailsPageTest" tests="1" failures="0" timestamp="18 Apr 2021 14:21:04 GMT" time="26.346" errors="0">
  <testcase name="testTopRatedMoviesPage_Exist" time="26.346" classname="VahakHybrid.IMDBautomationWeb.qa.TestSuite.MovieDetailsPageTest"/>
</testsuite> <!-- VahakHybrid.IMDBautomationWeb.qa.TestSuite.MovieDetailsPageTest -->
